#! /c/Source/iverilog-install/bin/vvp
:ivl_version "12.0 (devel)" "(s20150603-1539-g2693dd32b)";
:ivl_delay_selection "TYPICAL";
:vpi_time_precision - 12;
:vpi_module "C:\iverilog\lib\ivl\system.vpi";
:vpi_module "C:\iverilog\lib\ivl\vhdl_sys.vpi";
:vpi_module "C:\iverilog\lib\ivl\vhdl_textio.vpi";
:vpi_module "C:\iverilog\lib\ivl\v2005_math.vpi";
:vpi_module "C:\iverilog\lib\ivl\va_math.vpi";
S_000001aa904d6b40 .scope module, "adder_multi_tb" "adder_multi_tb" 2 3;
 .timescale -9 -12;
v000001aa9053f040_0 .var "A1", 0 0;
v000001aa9053e460_0 .var "A16", 15 0;
v000001aa9053f5e0_0 .var "A2", 1 0;
v000001aa9053f9a0_0 .var "A32", 31 0;
v000001aa9053f540_0 .var "A4", 3 0;
v000001aa9053f2c0_0 .var "A6", 5 0;
v000001aa9053e5a0_0 .var "A64", 63 0;
v000001aa9053dce0_0 .var "A8", 7 0;
v000001aa9053fa40_0 .var "B1", 0 0;
v000001aa9053fae0_0 .var "B16", 15 0;
v000001aa9053df60_0 .var "B2", 1 0;
v000001aa9053e320_0 .var "B32", 31 0;
v000001aa9053eaa0_0 .var "B4", 3 0;
v000001aa9053f0e0_0 .var "B6", 5 0;
v000001aa9053ed20_0 .var "B64", 63 0;
v000001aa9053e500_0 .var "B8", 7 0;
v000001aa9053e000_0 .var "Cin1", 0 0;
v000001aa9053dd80_0 .var "Cin16", 0 0;
v000001aa9053fb80_0 .var "Cin2", 0 0;
v000001aa9053f720_0 .var "Cin32", 0 0;
v000001aa9053e0a0_0 .var "Cin4", 0 0;
v000001aa9053e820_0 .var "Cin6", 0 0;
v000001aa9053f360_0 .var "Cin64", 0 0;
v000001aa9053e6e0_0 .var "Cin8", 0 0;
v000001aa9053de20_0 .net "Cout1", 0 0, L_000001aa9053ef00;  1 drivers
v000001aa9053f4a0_0 .net "Cout16", 0 0, L_000001aa90542090;  1 drivers
v000001aa9053e140_0 .net "Cout2", 0 0, L_000001aa9053ee60;  1 drivers
v000001aa9053e640_0 .net "Cout32", 0 0, L_000001aa905419b0;  1 drivers
v000001aa9053dec0_0 .net "Cout4", 0 0, L_000001aa90540f10;  1 drivers
v000001aa9053f860_0 .net "Cout6", 0 0, L_000001aa90542450;  1 drivers
v000001aa9053f180_0 .net "Cout64", 0 0, L_000001aa90542310;  1 drivers
v000001aa9053e780_0 .net "Cout8", 0 0, L_000001aa90541870;  1 drivers
v000001aa9053ebe0_0 .net "S1", 0 0, L_000001aa9053f680;  1 drivers
v000001aa9053e3c0_0 .net "S16", 15 0, L_000001aa90541910;  1 drivers
v000001aa9053e1e0_0 .net "S2", 1 0, L_000001aa90541410;  1 drivers
v000001aa9053edc0_0 .net "S32", 31 0, L_000001aa90541370;  1 drivers
v000001aa9053f400_0 .net "S4", 3 0, L_000001aa90541690;  1 drivers
v000001aa9053e8c0_0 .net "S6", 5 0, L_000001aa90542c70;  1 drivers
v000001aa9053ea00_0 .net "S64", 63 0, L_000001aa905424f0;  1 drivers
v000001aa9053e960_0 .net "S8", 7 0, L_000001aa90541c30;  1 drivers
S_000001aa904d9780 .scope module, "adder1" "adder" 2 11, 3 6 0, S_000001aa904d6b40;
 .timescale 0 0;
    .port_info 0 /INPUT 1 "A";
    .port_info 1 /INPUT 1 "B";
    .port_info 2 /INPUT 1 "Cin";
    .port_info 3 /OUTPUT 1 "S";
    .port_info 4 /OUTPUT 1 "Cout";
P_000001aa904db640 .param/l "N" 0 3 6, +C4<00000000000000000000000000000001>;
v000001aa904b3b40_0 .net "A", 0 0, v000001aa9053f040_0;  1 drivers
v000001aa904b3be0_0 .net "B", 0 0, v000001aa9053fa40_0;  1 drivers
v000001aa90539370_0 .net "Cin", 0 0, v000001aa9053e000_0;  1 drivers
v000001aa90539a50_0 .net "Cout", 0 0, L_000001aa9053ef00;  alias, 1 drivers
v000001aa90539230_0 .net "S", 0 0, L_000001aa9053f680;  alias, 1 drivers
L_000001aa905700d0 .functor BUFT 1, C4<0>, C4<0>, C4<0>, C4<0>;
v000001aa90539730_0 .net *"_ivl_10", 0 0, L_000001aa905700d0;  1 drivers
v000001aa90539d70_0 .net *"_ivl_11", 1 0, L_000001aa9053f220;  1 drivers
v000001aa9053ad10_0 .net *"_ivl_13", 1 0, L_000001aa9053f7c0;  1 drivers
L_000001aa90570118 .functor BUFT 1, C4<0>, C4<0>, C4<0>, C4<0>;
v000001aa9053a6d0_0 .net *"_ivl_16", 0 0, L_000001aa90570118;  1 drivers
v000001aa9053a270_0 .net *"_ivl_17", 1 0, L_000001aa9053f900;  1 drivers
v000001aa90539050_0 .net *"_ivl_3", 1 0, L_000001aa9053eb40;  1 drivers
L_000001aa90570088 .functor BUFT 1, C4<0>, C4<0>, C4<0>, C4<0>;
v000001aa90538e70_0 .net *"_ivl_6", 0 0, L_000001aa90570088;  1 drivers
v000001aa9053a090_0 .net *"_ivl_7", 1 0, L_000001aa9053ec80;  1 drivers
L_000001aa9053ef00 .part L_000001aa9053f900, 1, 1;
L_000001aa9053f680 .part L_000001aa9053f900, 0, 1;
L_000001aa9053eb40 .concat [ 1 1 0 0], v000001aa9053f040_0, L_000001aa90570088;
L_000001aa9053ec80 .concat [ 1 1 0 0], v000001aa9053fa40_0, L_000001aa905700d0;
L_000001aa9053f220 .arith/sum 2, L_000001aa9053eb40, L_000001aa9053ec80;
L_000001aa9053f7c0 .concat [ 1 1 0 0], v000001aa9053e000_0, L_000001aa90570118;
L_000001aa9053f900 .arith/sum 2, L_000001aa9053f220, L_000001aa9053f7c0;
S_000001aa904d9910 .scope module, "adder16" "adder" 2 31, 3 6 0, S_000001aa904d6b40;
 .timescale 0 0;
    .port_info 0 /INPUT 16 "A";
    .port_info 1 /INPUT 16 "B";
    .port_info 2 /INPUT 1 "Cin";
    .port_info 3 /OUTPUT 16 "S";
    .port_info 4 /OUTPUT 1 "Cout";
P_000001aa904daf00 .param/l "N" 0 3 6, +C4<00000000000000000000000000010000>;
v000001aa9053a310_0 .net "A", 15 0, v000001aa9053e460_0;  1 drivers
v000001aa9053a450_0 .net "B", 15 0, v000001aa9053fae0_0;  1 drivers
v000001aa90539c30_0 .net "Cin", 0 0, v000001aa9053dd80_0;  1 drivers
v000001aa90539eb0_0 .net "Cout", 0 0, L_000001aa90542090;  alias, 1 drivers
v000001aa90539550_0 .net "S", 15 0, L_000001aa90541910;  alias, 1 drivers
L_000001aa90570508 .functor BUFT 1, C4<0>, C4<0>, C4<0>, C4<0>;
v000001aa905392d0_0 .net *"_ivl_10", 0 0, L_000001aa90570508;  1 drivers
v000001aa905397d0_0 .net *"_ivl_11", 16 0, L_000001aa90541cd0;  1 drivers
v000001aa90539cd0_0 .net *"_ivl_13", 16 0, L_000001aa90541230;  1 drivers
L_000001aa90570550 .functor BUFT 1, C4<0000000000000000>, C4<0>, C4<0>, C4<0>;
v000001aa9053ab30_0 .net *"_ivl_16", 15 0, L_000001aa90570550;  1 drivers
v000001aa9053a950_0 .net *"_ivl_17", 16 0, L_000001aa905412d0;  1 drivers
v000001aa9053a4f0_0 .net *"_ivl_3", 16 0, L_000001aa90541050;  1 drivers
L_000001aa905704c0 .functor BUFT 1, C4<0>, C4<0>, C4<0>, C4<0>;
v000001aa90539870_0 .net *"_ivl_6", 0 0, L_000001aa905704c0;  1 drivers
v000001aa9053aa90_0 .net *"_ivl_7", 16 0, L_000001aa905410f0;  1 drivers
L_000001aa90542090 .part L_000001aa905412d0, 16, 1;
L_000001aa90541910 .part L_000001aa905412d0, 0, 16;
L_000001aa90541050 .concat [ 16 1 0 0], v000001aa9053e460_0, L_000001aa905704c0;
L_000001aa905410f0 .concat [ 16 1 0 0], v000001aa9053fae0_0, L_000001aa90570508;
L_000001aa90541cd0 .arith/sum 17, L_000001aa90541050, L_000001aa905410f0;
L_000001aa90541230 .concat [ 1 16 0 0], v000001aa9053dd80_0, L_000001aa90570550;
L_000001aa905412d0 .arith/sum 17, L_000001aa90541cd0, L_000001aa90541230;
S_000001aa90482ce0 .scope module, "adder2" "adder" 2 15, 3 6 0, S_000001aa904d6b40;
 .timescale 0 0;
    .port_info 0 /INPUT 2 "A";
    .port_info 1 /INPUT 2 "B";
    .port_info 2 /INPUT 1 "Cin";
    .port_info 3 /OUTPUT 2 "S";
    .port_info 4 /OUTPUT 1 "Cout";
P_000001aa904db680 .param/l "N" 0 3 6, +C4<00000000000000000000000000000010>;
v000001aa9053a8b0_0 .net "A", 1 0, v000001aa9053f5e0_0;  1 drivers
v000001aa90538fb0_0 .net "B", 1 0, v000001aa9053df60_0;  1 drivers
v000001aa905390f0_0 .net "Cin", 0 0, v000001aa9053fb80_0;  1 drivers
v000001aa9053a770_0 .net "Cout", 0 0, L_000001aa9053ee60;  alias, 1 drivers
v000001aa9053a590_0 .net "S", 1 0, L_000001aa90541410;  alias, 1 drivers
L_000001aa905701a8 .functor BUFT 1, C4<0>, C4<0>, C4<0>, C4<0>;
v000001aa9053a630_0 .net *"_ivl_10", 0 0, L_000001aa905701a8;  1 drivers
v000001aa9053ac70_0 .net *"_ivl_11", 2 0, L_000001aa905428b0;  1 drivers
v000001aa90539190_0 .net *"_ivl_13", 2 0, L_000001aa90542950;  1 drivers
L_000001aa905701f0 .functor BUFT 1, C4<00>, C4<0>, C4<0>, C4<0>;
v000001aa9053a3b0_0 .net *"_ivl_16", 1 0, L_000001aa905701f0;  1 drivers
v000001aa90539910_0 .net *"_ivl_17", 2 0, L_000001aa90542bd0;  1 drivers
v000001aa905399b0_0 .net *"_ivl_3", 2 0, L_000001aa90541d70;  1 drivers
L_000001aa90570160 .functor BUFT 1, C4<0>, C4<0>, C4<0>, C4<0>;
v000001aa90539e10_0 .net *"_ivl_6", 0 0, L_000001aa90570160;  1 drivers
v000001aa90538f10_0 .net *"_ivl_7", 2 0, L_000001aa90541af0;  1 drivers
L_000001aa9053ee60 .part L_000001aa90542bd0, 2, 1;
L_000001aa90541410 .part L_000001aa90542bd0, 0, 2;
L_000001aa90541d70 .concat [ 2 1 0 0], v000001aa9053f5e0_0, L_000001aa90570160;
L_000001aa90541af0 .concat [ 2 1 0 0], v000001aa9053df60_0, L_000001aa905701a8;
L_000001aa905428b0 .arith/sum 3, L_000001aa90541d70, L_000001aa90541af0;
L_000001aa90542950 .concat [ 1 2 0 0], v000001aa9053fb80_0, L_000001aa905701f0;
L_000001aa90542bd0 .arith/sum 3, L_000001aa905428b0, L_000001aa90542950;
S_000001aa90482e70 .scope module, "adder32" "adder" 2 35, 3 6 0, S_000001aa904d6b40;
 .timescale 0 0;
    .port_info 0 /INPUT 32 "A";
    .port_info 1 /INPUT 32 "B";
    .port_info 2 /INPUT 1 "Cin";
    .port_info 3 /OUTPUT 32 "S";
    .port_info 4 /OUTPUT 1 "Cout";
P_000001aa904dbbc0 .param/l "N" 0 3 6, +C4<00000000000000000000000000100000>;
v000001aa9053a810_0 .net "A", 31 0, v000001aa9053f9a0_0;  1 drivers
v000001aa9053a9f0_0 .net "B", 31 0, v000001aa9053e320_0;  1 drivers
v000001aa90539af0_0 .net "Cin", 0 0, v000001aa9053f720_0;  1 drivers
v000001aa90539410_0 .net "Cout", 0 0, L_000001aa905419b0;  alias, 1 drivers
v000001aa90539f50_0 .net "S", 31 0, L_000001aa90541370;  alias, 1 drivers
L_000001aa905705e0 .functor BUFT 1, C4<0>, C4<0>, C4<0>, C4<0>;
v000001aa90539ff0_0 .net *"_ivl_10", 0 0, L_000001aa905705e0;  1 drivers
v000001aa9053abd0_0 .net *"_ivl_11", 32 0, L_000001aa90541a50;  1 drivers
v000001aa905394b0_0 .net *"_ivl_13", 32 0, L_000001aa90542130;  1 drivers
L_000001aa90570628 .functor BUFT 1, C4<00000000000000000000000000000000>, C4<0>, C4<0>, C4<0>;
v000001aa905395f0_0 .net *"_ivl_16", 31 0, L_000001aa90570628;  1 drivers
v000001aa90539690_0 .net *"_ivl_17", 32 0, L_000001aa90542630;  1 drivers
v000001aa9053a130_0 .net *"_ivl_3", 32 0, L_000001aa905429f0;  1 drivers
L_000001aa90570598 .functor BUFT 1, C4<0>, C4<0>, C4<0>, C4<0>;
v000001aa90539b90_0 .net *"_ivl_6", 0 0, L_000001aa90570598;  1 drivers
v000001aa9053a1d0_0 .net *"_ivl_7", 32 0, L_000001aa90541b90;  1 drivers
L_000001aa905419b0 .part L_000001aa90542630, 32, 1;
L_000001aa90541370 .part L_000001aa90542630, 0, 32;
L_000001aa905429f0 .concat [ 32 1 0 0], v000001aa9053f9a0_0, L_000001aa90570598;
L_000001aa90541b90 .concat [ 32 1 0 0], v000001aa9053e320_0, L_000001aa905705e0;
L_000001aa90541a50 .arith/sum 33, L_000001aa905429f0, L_000001aa90541b90;
L_000001aa90542130 .concat [ 1 32 0 0], v000001aa9053f720_0, L_000001aa90570628;
L_000001aa90542630 .arith/sum 33, L_000001aa90541a50, L_000001aa90542130;
S_000001aa9053b640 .scope module, "adder4" "adder" 2 19, 3 6 0, S_000001aa904d6b40;
 .timescale 0 0;
    .port_info 0 /INPUT 4 "A";
    .port_info 1 /INPUT 4 "B";
    .port_info 2 /INPUT 1 "Cin";
    .port_info 3 /OUTPUT 4 "S";
    .port_info 4 /OUTPUT 1 "Cout";
P_000001aa904db380 .param/l "N" 0 3 6, +C4<00000000000000000000000000000100>;
v000001aa9053c180_0 .net "A", 3 0, v000001aa9053f540_0;  1 drivers
v000001aa9053ca40_0 .net "B", 3 0, v000001aa9053eaa0_0;  1 drivers
v000001aa9053b8c0_0 .net "Cin", 0 0, v000001aa9053e0a0_0;  1 drivers
v000001aa9053c720_0 .net "Cout", 0 0, L_000001aa90540f10;  alias, 1 drivers
v000001aa9053c0e0_0 .net "S", 3 0, L_000001aa90541690;  alias, 1 drivers
L_000001aa90570280 .functor BUFT 1, C4<0>, C4<0>, C4<0>, C4<0>;
v000001aa9053d1c0_0 .net *"_ivl_10", 0 0, L_000001aa90570280;  1 drivers
v000001aa9053cc20_0 .net *"_ivl_11", 4 0, L_000001aa90541ff0;  1 drivers
v000001aa9053c680_0 .net *"_ivl_13", 4 0, L_000001aa90542db0;  1 drivers
L_000001aa905702c8 .functor BUFT 1, C4<0000>, C4<0>, C4<0>, C4<0>;
v000001aa9053c860_0 .net *"_ivl_16", 3 0, L_000001aa905702c8;  1 drivers
v000001aa9053ce00_0 .net *"_ivl_17", 4 0, L_000001aa90542590;  1 drivers
v000001aa9053ba00_0 .net *"_ivl_3", 4 0, L_000001aa90541eb0;  1 drivers
L_000001aa90570238 .functor BUFT 1, C4<0>, C4<0>, C4<0>, C4<0>;
v000001aa9053c540_0 .net *"_ivl_6", 0 0, L_000001aa90570238;  1 drivers
v000001aa9053c220_0 .net *"_ivl_7", 4 0, L_000001aa90541190;  1 drivers
L_000001aa90540f10 .part L_000001aa90542590, 4, 1;
L_000001aa90541690 .part L_000001aa90542590, 0, 4;
L_000001aa90541eb0 .concat [ 4 1 0 0], v000001aa9053f540_0, L_000001aa90570238;
L_000001aa90541190 .concat [ 4 1 0 0], v000001aa9053eaa0_0, L_000001aa90570280;
L_000001aa90541ff0 .arith/sum 5, L_000001aa90541eb0, L_000001aa90541190;
L_000001aa90542db0 .concat [ 1 4 0 0], v000001aa9053e0a0_0, L_000001aa905702c8;
L_000001aa90542590 .arith/sum 5, L_000001aa90541ff0, L_000001aa90542db0;
S_000001aa9053d7e0 .scope module, "adder6" "adder" 2 23, 3 6 0, S_000001aa904d6b40;
 .timescale 0 0;
    .port_info 0 /INPUT 6 "A";
    .port_info 1 /INPUT 6 "B";
    .port_info 2 /INPUT 1 "Cin";
    .port_info 3 /OUTPUT 6 "S";
    .port_info 4 /OUTPUT 1 "Cout";
P_000001aa904dbd40 .param/l "N" 0 3 6, +C4<00000000000000000000000000000110>;
v000001aa9053d3a0_0 .net "A", 5 0, v000001aa9053f2c0_0;  1 drivers
v000001aa9053c9a0_0 .net "B", 5 0, v000001aa9053f0e0_0;  1 drivers
v000001aa9053cae0_0 .net "Cin", 0 0, v000001aa9053e820_0;  1 drivers
v000001aa9053baa0_0 .net "Cout", 0 0, L_000001aa90542450;  alias, 1 drivers
v000001aa9053b820_0 .net "S", 5 0, L_000001aa90542c70;  alias, 1 drivers
L_000001aa90570358 .functor BUFT 1, C4<0>, C4<0>, C4<0>, C4<0>;
v000001aa9053c7c0_0 .net *"_ivl_10", 0 0, L_000001aa90570358;  1 drivers
v000001aa9053d620_0 .net *"_ivl_11", 6 0, L_000001aa90541730;  1 drivers
v000001aa9053d260_0 .net *"_ivl_13", 6 0, L_000001aa905414b0;  1 drivers
L_000001aa905703a0 .functor BUFT 1, C4<000000>, C4<0>, C4<0>, C4<0>;
v000001aa9053cb80_0 .net *"_ivl_16", 5 0, L_000001aa905703a0;  1 drivers
v000001aa9053c2c0_0 .net *"_ivl_17", 6 0, L_000001aa90541e10;  1 drivers
v000001aa9053b960_0 .net *"_ivl_3", 6 0, L_000001aa90542d10;  1 drivers
L_000001aa90570310 .functor BUFT 1, C4<0>, C4<0>, C4<0>, C4<0>;
v000001aa9053bb40_0 .net *"_ivl_6", 0 0, L_000001aa90570310;  1 drivers
v000001aa9053d6c0_0 .net *"_ivl_7", 6 0, L_000001aa905415f0;  1 drivers
L_000001aa90542450 .part L_000001aa90541e10, 6, 1;
L_000001aa90542c70 .part L_000001aa90541e10, 0, 6;
L_000001aa90542d10 .concat [ 6 1 0 0], v000001aa9053f2c0_0, L_000001aa90570310;
L_000001aa905415f0 .concat [ 6 1 0 0], v000001aa9053f0e0_0, L_000001aa90570358;
L_000001aa90541730 .arith/sum 7, L_000001aa90542d10, L_000001aa905415f0;
L_000001aa905414b0 .concat [ 1 6 0 0], v000001aa9053e820_0, L_000001aa905703a0;
L_000001aa90541e10 .arith/sum 7, L_000001aa90541730, L_000001aa905414b0;
S_000001aa9053d970 .scope module, "adder64" "adder" 2 39, 3 6 0, S_000001aa904d6b40;
 .timescale 0 0;
    .port_info 0 /INPUT 64 "A";
    .port_info 1 /INPUT 64 "B";
    .port_info 2 /INPUT 1 "Cin";
    .port_info 3 /OUTPUT 64 "S";
    .port_info 4 /OUTPUT 1 "Cout";
P_000001aa904db580 .param/l "N" 0 3 6, +C4<00000000000000000000000001000000>;
v000001aa9053ccc0_0 .net "A", 63 0, v000001aa9053e5a0_0;  1 drivers
v000001aa9053cd60_0 .net "B", 63 0, v000001aa9053ed20_0;  1 drivers
v000001aa9053bbe0_0 .net "Cin", 0 0, v000001aa9053f360_0;  1 drivers
v000001aa9053bc80_0 .net "Cout", 0 0, L_000001aa90542310;  alias, 1 drivers
v000001aa9053bd20_0 .net "S", 63 0, L_000001aa905424f0;  alias, 1 drivers
L_000001aa905706b8 .functor BUFT 1, C4<0>, C4<0>, C4<0>, C4<0>;
v000001aa9053c900_0 .net *"_ivl_10", 0 0, L_000001aa905706b8;  1 drivers
v000001aa9053cea0_0 .net *"_ivl_11", 64 0, L_000001aa90542a90;  1 drivers
v000001aa9053bdc0_0 .net *"_ivl_13", 64 0, L_000001aa905426d0;  1 drivers
L_000001aa90570700 .functor BUFT 1, C4<0000000000000000000000000000000000000000000000000000000000000000>, C4<0>, C4<0>, C4<0>;
v000001aa9053be60_0 .net *"_ivl_16", 63 0, L_000001aa90570700;  1 drivers
v000001aa9053c360_0 .net *"_ivl_17", 64 0, L_000001aa90542770;  1 drivers
v000001aa9053d580_0 .net *"_ivl_3", 64 0, L_000001aa905421d0;  1 drivers
L_000001aa90570670 .functor BUFT 1, C4<0>, C4<0>, C4<0>, C4<0>;
v000001aa9053bf00_0 .net *"_ivl_6", 0 0, L_000001aa90570670;  1 drivers
v000001aa9053cf40_0 .net *"_ivl_7", 64 0, L_000001aa90542270;  1 drivers
L_000001aa90542310 .part L_000001aa90542770, 64, 1;
L_000001aa905424f0 .part L_000001aa90542770, 0, 64;
L_000001aa905421d0 .concat [ 64 1 0 0], v000001aa9053e5a0_0, L_000001aa90570670;
L_000001aa90542270 .concat [ 64 1 0 0], v000001aa9053ed20_0, L_000001aa905706b8;
L_000001aa90542a90 .arith/sum 65, L_000001aa905421d0, L_000001aa90542270;
L_000001aa905426d0 .concat [ 1 64 0 0], v000001aa9053f360_0, L_000001aa90570700;
L_000001aa90542770 .arith/sum 65, L_000001aa90542a90, L_000001aa905426d0;
S_000001aa9053db00 .scope module, "adder8" "adder" 2 27, 3 6 0, S_000001aa904d6b40;
 .timescale 0 0;
    .port_info 0 /INPUT 8 "A";
    .port_info 1 /INPUT 8 "B";
    .port_info 2 /INPUT 1 "Cin";
    .port_info 3 /OUTPUT 8 "S";
    .port_info 4 /OUTPUT 1 "Cout";
P_000001aa904daf40 .param/l "N" 0 3 6, +C4<00000000000000000000000000001000>;
v000001aa9053cfe0_0 .net "A", 7 0, v000001aa9053dce0_0;  1 drivers
v000001aa9053bfa0_0 .net "B", 7 0, v000001aa9053e500_0;  1 drivers
v000001aa9053c040_0 .net "Cin", 0 0, v000001aa9053e6e0_0;  1 drivers
v000001aa9053c4a0_0 .net "Cout", 0 0, L_000001aa90541870;  alias, 1 drivers
v000001aa9053c400_0 .net "S", 7 0, L_000001aa90541c30;  alias, 1 drivers
L_000001aa90570430 .functor BUFT 1, C4<0>, C4<0>, C4<0>, C4<0>;
v000001aa9053d120_0 .net *"_ivl_10", 0 0, L_000001aa90570430;  1 drivers
v000001aa9053c5e0_0 .net *"_ivl_11", 8 0, L_000001aa905423b0;  1 drivers
v000001aa9053d080_0 .net *"_ivl_13", 8 0, L_000001aa90541f50;  1 drivers
L_000001aa90570478 .functor BUFT 1, C4<00000000>, C4<0>, C4<0>, C4<0>;
v000001aa9053d300_0 .net *"_ivl_16", 7 0, L_000001aa90570478;  1 drivers
v000001aa9053d440_0 .net *"_ivl_17", 8 0, L_000001aa90540fb0;  1 drivers
v000001aa9053d4e0_0 .net *"_ivl_3", 8 0, L_000001aa90541550;  1 drivers
L_000001aa905703e8 .functor BUFT 1, C4<0>, C4<0>, C4<0>, C4<0>;
v000001aa9053e280_0 .net *"_ivl_6", 0 0, L_000001aa905703e8;  1 drivers
v000001aa9053efa0_0 .net *"_ivl_7", 8 0, L_000001aa905417d0;  1 drivers
L_000001aa90541870 .part L_000001aa90540fb0, 8, 1;
L_000001aa90541c30 .part L_000001aa90540fb0, 0, 8;
L_000001aa90541550 .concat [ 8 1 0 0], v000001aa9053dce0_0, L_000001aa905703e8;
L_000001aa905417d0 .concat [ 8 1 0 0], v000001aa9053e500_0, L_000001aa90570430;
L_000001aa905423b0 .arith/sum 9, L_000001aa90541550, L_000001aa905417d0;
L_000001aa90541f50 .concat [ 1 8 0 0], v000001aa9053e6e0_0, L_000001aa90570478;
L_000001aa90540fb0 .arith/sum 9, L_000001aa905423b0, L_000001aa90541f50;
    .scope S_000001aa904d6b40;
T_0 ;
    %vpi_call 2 45 "$display", "\012--- TEST ADDER 1 BIT ---" {0 0 0};
    %pushi/vec4 0, 0, 1;
    %store/vec4 v000001aa9053f040_0, 0, 1;
    %pushi/vec4 1, 0, 1;
    %store/vec4 v000001aa9053fa40_0, 0, 1;
    %pushi/vec4 0, 0, 1;
    %store/vec4 v000001aa9053e000_0, 0, 1;
    %delay 5000, 0;
    %vpi_call 2 47 "$display", "A=%b B=%b Cin=%b => S=%b Cout=%b", v000001aa9053f040_0, v000001aa9053fa40_0, v000001aa9053e000_0, v000001aa9053ebe0_0, v000001aa9053de20_0 {0 0 0};
    %pushi/vec4 1, 0, 1;
    %store/vec4 v000001aa9053f040_0, 0, 1;
    %pushi/vec4 1, 0, 1;
    %store/vec4 v000001aa9053fa40_0, 0, 1;
    %pushi/vec4 1, 0, 1;
    %store/vec4 v000001aa9053e000_0, 0, 1;
    %delay 5000, 0;
    %vpi_call 2 50 "$display", "A=%b B=%b Cin=%b => S=%b Cout=%b", v000001aa9053f040_0, v000001aa9053fa40_0, v000001aa9053e000_0, v000001aa9053ebe0_0, v000001aa9053de20_0 {0 0 0};
    %vpi_call 2 52 "$display", "\012--- TEST ADDER 2 BITS ---" {0 0 0};
    %pushi/vec4 2, 0, 2;
    %store/vec4 v000001aa9053f5e0_0, 0, 2;
    %pushi/vec4 1, 0, 2;
    %store/vec4 v000001aa9053df60_0, 0, 2;
    %pushi/vec4 1, 0, 1;
    %store/vec4 v000001aa9053fb80_0, 0, 1;
    %delay 5000, 0;
    %vpi_call 2 54 "$display", "A=%b B=%b Cin=%b => S=%b Cout=%b", v000001aa9053f5e0_0, v000001aa9053df60_0, v000001aa9053fb80_0, v000001aa9053e1e0_0, v000001aa9053e140_0 {0 0 0};
    %vpi_call 2 56 "$display", "\012--- TEST ADDER 4 BITS ---" {0 0 0};
    %pushi/vec4 10, 0, 4;
    %store/vec4 v000001aa9053f540_0, 0, 4;
    %pushi/vec4 5, 0, 4;
    %store/vec4 v000001aa9053eaa0_0, 0, 4;
    %pushi/vec4 0, 0, 1;
    %store/vec4 v000001aa9053e0a0_0, 0, 1;
    %delay 5000, 0;
    %vpi_call 2 58 "$display", "A=%b B=%b Cin=%b => S=%b Cout=%b", v000001aa9053f540_0, v000001aa9053eaa0_0, v000001aa9053e0a0_0, v000001aa9053f400_0, v000001aa9053dec0_0 {0 0 0};
    %vpi_call 2 60 "$display", "\012--- TEST ADDER 6 BITS ---" {0 0 0};
    %pushi/vec4 40, 0, 6;
    %store/vec4 v000001aa9053f2c0_0, 0, 6;
    %pushi/vec4 15, 0, 6;
    %store/vec4 v000001aa9053f0e0_0, 0, 6;
    %pushi/vec4 1, 0, 1;
    %store/vec4 v000001aa9053e820_0, 0, 1;
    %delay 5000, 0;
    %vpi_call 2 62 "$display", "A=%b B=%b Cin=%b => S=%b Cout=%b", v000001aa9053f2c0_0, v000001aa9053f0e0_0, v000001aa9053e820_0, v000001aa9053e8c0_0, v000001aa9053f860_0 {0 0 0};
    %vpi_call 2 64 "$display", "\012--- TEST ADDER 8 BITS ---" {0 0 0};
    %pushi/vec4 120, 0, 8;
    %store/vec4 v000001aa9053dce0_0, 0, 8;
    %pushi/vec4 130, 0, 8;
    %store/vec4 v000001aa9053e500_0, 0, 8;
    %pushi/vec4 0, 0, 1;
    %store/vec4 v000001aa9053e6e0_0, 0, 1;
    %delay 5000, 0;
    %vpi_call 2 66 "$display", "A=%d B=%d Cin=%b => S=%d Cout=%b", v000001aa9053dce0_0, v000001aa9053e500_0, v000001aa9053e6e0_0, v000001aa9053e960_0, v000001aa9053e780_0 {0 0 0};
    %vpi_call 2 68 "$display", "\012--- TEST ADDER 16 BITS ---" {0 0 0};
    %pushi/vec4 4095, 0, 16;
    %store/vec4 v000001aa9053e460_0, 0, 16;
    %pushi/vec4 1, 0, 16;
    %store/vec4 v000001aa9053fae0_0, 0, 16;
    %pushi/vec4 1, 0, 1;
    %store/vec4 v000001aa9053dd80_0, 0, 1;
    %delay 5000, 0;
    %vpi_call 2 70 "$display", "A=%h B=%h Cin=%b => S=%h Cout=%b", v000001aa9053e460_0, v000001aa9053fae0_0, v000001aa9053dd80_0, v000001aa9053e3c0_0, v000001aa9053f4a0_0 {0 0 0};
    %vpi_call 2 72 "$display", "\012--- TEST ADDER 32 BITS ---" {0 0 0};
    %pushi/vec4 4294967295, 0, 32;
    %store/vec4 v000001aa9053f9a0_0, 0, 32;
    %pushi/vec4 1, 0, 32;
    %store/vec4 v000001aa9053e320_0, 0, 32;
    %pushi/vec4 0, 0, 1;
    %store/vec4 v000001aa9053f720_0, 0, 1;
    %delay 5000, 0;
    %vpi_call 2 74 "$display", "A=%h B=%h Cin=%b => S=%h Cout=%b", v000001aa9053f9a0_0, v000001aa9053e320_0, v000001aa9053f720_0, v000001aa9053edc0_0, v000001aa9053e640_0 {0 0 0};
    %vpi_call 2 76 "$display", "\012--- TEST ADDER 64 BITS ---" {0 0 0};
    %pushi/vec4 4294967295, 0, 32;
    %concati/vec4 4294967295, 0, 32;
    %store/vec4 v000001aa9053e5a0_0, 0, 64;
    %pushi/vec4 1, 0, 64;
    %store/vec4 v000001aa9053ed20_0, 0, 64;
    %pushi/vec4 1, 0, 1;
    %store/vec4 v000001aa9053f360_0, 0, 1;
    %delay 5000, 0;
    %vpi_call 2 78 "$display", "A=%h B=%h Cin=%b => S=%h Cout=%b", v000001aa9053e5a0_0, v000001aa9053ed20_0, v000001aa9053f360_0, v000001aa9053ea00_0, v000001aa9053f180_0 {0 0 0};
    %vpi_call 2 80 "$finish" {0 0 0};
    %end;
    .thread T_0;
# The file index is used to find the file name in the following table.
:file_names 4;
    "N/A";
    "<interactive>";
    "adder_tb.v";
    "adder.v";
