#! /c/Source/iverilog-install/bin/vvp
:ivl_version "12.0 (devel)" "(s20150603-1539-g2693dd32b)";
:ivl_delay_selection "TYPICAL";
:vpi_time_precision - 12;
:vpi_module "C:\iverilog\lib\ivl\system.vpi";
:vpi_module "C:\iverilog\lib\ivl\vhdl_sys.vpi";
:vpi_module "C:\iverilog\lib\ivl\vhdl_textio.vpi";
:vpi_module "C:\iverilog\lib\ivl\v2005_math.vpi";
:vpi_module "C:\iverilog\lib\ivl\va_math.vpi";
S_0000018d9f86ae40 .scope module, "decoder_2to4_tb" "decoder_2to4_tb" 2 3;
 .timescale -9 -12;
v0000018d9f86b8c0_0 .var "in", 1 0;
v0000018d9f6930e0_0 .net "out", 3 0, L_0000018d9f86b960;  1 drivers
S_0000018d9f86b730 .scope module, "uut" "decoder_2to4" 2 8, 3 6 0, S_0000018d9f86ae40;
 .timescale 0 0;
    .port_info 0 /INPUT 2 "in";
    .port_info 1 /OUTPUT 4 "out";
L_0000018d9f709848 .functor BUFT 1, C4<0001>, C4<0>, C4<0>, C4<0>;
v0000018d9f6934b0_0 .net/2u *"_ivl_0", 3 0, L_0000018d9f709848;  1 drivers
v0000018d9f693840_0 .net "in", 1 0, v0000018d9f86b8c0_0;  1 drivers
v0000018d9f86a3e0_0 .net "out", 3 0, L_0000018d9f86b960;  alias, 1 drivers
L_0000018d9f86b960 .shift/l 4, L_0000018d9f709848, v0000018d9f86b8c0_0;
    .scope S_0000018d9f86ae40;
T_0 ;
    %vpi_call 2 14 "$display", "\012=== TEST DECODER 2 TO 4 ===" {0 0 0};
    %pushi/vec4 0, 0, 2;
    %store/vec4 v0000018d9f86b8c0_0, 0, 2;
    %delay 10000, 0;
    %vpi_call 2 17 "$display", "in = %b => out = %b", v0000018d9f86b8c0_0, v0000018d9f6930e0_0 {0 0 0};
    %load/vec4 v0000018d9f6930e0_0;
    %cmpi/ne 1, 0, 4;
    %jmp/0xz  T_0.0, 6;
    %vpi_call 2 18 "$display", "ERREUR" {0 0 0};
T_0.0 ;
    %pushi/vec4 1, 0, 2;
    %store/vec4 v0000018d9f86b8c0_0, 0, 2;
    %delay 10000, 0;
    %vpi_call 2 21 "$display", "in = %b => out = %b", v0000018d9f86b8c0_0, v0000018d9f6930e0_0 {0 0 0};
    %load/vec4 v0000018d9f6930e0_0;
    %cmpi/ne 2, 0, 4;
    %jmp/0xz  T_0.2, 6;
    %vpi_call 2 22 "$display", "ERREUR" {0 0 0};
T_0.2 ;
    %pushi/vec4 2, 0, 2;
    %store/vec4 v0000018d9f86b8c0_0, 0, 2;
    %delay 10000, 0;
    %vpi_call 2 25 "$display", "in = %b => out = %b", v0000018d9f86b8c0_0, v0000018d9f6930e0_0 {0 0 0};
    %load/vec4 v0000018d9f6930e0_0;
    %cmpi/ne 4, 0, 4;
    %jmp/0xz  T_0.4, 6;
    %vpi_call 2 26 "$display", "ERREUR" {0 0 0};
T_0.4 ;
    %pushi/vec4 3, 0, 2;
    %store/vec4 v0000018d9f86b8c0_0, 0, 2;
    %delay 10000, 0;
    %vpi_call 2 29 "$display", "in = %b => out = %b", v0000018d9f86b8c0_0, v0000018d9f6930e0_0 {0 0 0};
    %load/vec4 v0000018d9f6930e0_0;
    %cmpi/ne 8, 0, 4;
    %jmp/0xz  T_0.6, 6;
    %vpi_call 2 30 "$display", "ERREUR" {0 0 0};
T_0.6 ;
    %vpi_call 2 32 "$display", " -- FIN, REUSSITE --" {0 0 0};
    %vpi_call 2 33 "$finish" {0 0 0};
    %end;
    .thread T_0;
# The file index is used to find the file name in the following table.
:file_names 4;
    "N/A";
    "<interactive>";
    "decoder_2to4_tb.v";
    "decoder_2to4.v";
